CRITICAL - 2023-12-19 01:11:13 --> require_once(./pages/home.php): Failed to open stream: No such file or directory
in APPPATH\Views\home.php on line 99.
 1 APPPATH\Views\home.php(99): CodeIgniter\Debug\Exceptions->errorHandler(2, 'require_once(./pages/home.php): Failed to open stream: No such file or directory', 'C:\\wamp64\\www\\sevenpro\\app\\Views\\home.php', 99)
 2 APPPATH\Views\home.php(99): require_once()
 3 SYSTEMPATH\View\View.php(226): include('C:\\wamp64\\www\\sevenpro\\app\\Views\\home.php')
 4 SYSTEMPATH\View\View.php(229): CodeIgniter\View\View->CodeIgniter\View\{closure}()
 5 SYSTEMPATH\Common.php(1188): CodeIgniter\View\View->render('home', [], true)
 6 APPPATH\Controllers\Home.php(9): view('home')
 7 SYSTEMPATH\CodeIgniter.php(919): App\Controllers\Home->index()
 8 SYSTEMPATH\CodeIgniter.php(494): CodeIgniter\CodeIgniter->runController(Object(App\Controllers\Home))
 9 SYSTEMPATH\CodeIgniter.php(353): CodeIgniter\CodeIgniter->handleRequest(null, Object(Config\Cache), false)
10 FCPATH\index.php(79): CodeIgniter\CodeIgniter->run()
CRITICAL - 2023-12-19 01:40:51 --> Undefined variable $dadosHeader
in APPPATH\Views\templates\header.php on line 8.
 1 APPPATH\Views\templates\header.php(8): CodeIgniter\Debug\Exceptions->errorHandler(2, 'Undefined variable $dadosHeader', 'C:\\wamp64\\www\\sevenpro\\app\\Views\\templates\\header.php', 8)
 2 SYSTEMPATH\View\View.php(226): include('C:\\wamp64\\www\\sevenpro\\app\\Views\\templates\\header.php')
 3 SYSTEMPATH\View\View.php(229): CodeIgniter\View\View->CodeIgniter\View\{closure}()
 4 SYSTEMPATH\Common.php(1188): CodeIgniter\View\View->render('/templates/header', [], true)
 5 APPPATH\Controllers\Home.php(11): view('/templates/header', [...])
 6 SYSTEMPATH\CodeIgniter.php(919): App\Controllers\Home->index()
 7 SYSTEMPATH\CodeIgniter.php(494): CodeIgniter\CodeIgniter->runController(Object(App\Controllers\Home))
 8 SYSTEMPATH\CodeIgniter.php(353): CodeIgniter\CodeIgniter->handleRequest(null, Object(Config\Cache), false)
 9 FCPATH\index.php(79): CodeIgniter\CodeIgniter->run()
